<?xml version="1.0" encoding="UTF-8"?>
<testng-results ignored="0" total="1" passed="0" failed="1" skipped="0">
  <reporter-output>
  </reporter-output>
  <suite started-at="2025-08-26T12:10:49 IST" name="Default suite" finished-at="2025-08-26T12:11:15 IST" duration-ms="26351">
    <groups>
      <group name="cucumber">
        <method signature="AbstractTestNGCucumberTests.runScenario(io.cucumber.testng.PickleWrapper,io.cucumber.testng.FeatureWrapper)[pri:0, instance:com.MakeMyTrip.TestRunner.TestRunner@456d6c1e]" name="runScenario" class="io.cucumber.testng.AbstractTestNGCucumberTests"/>
      </group> <!-- cucumber -->
    </groups>
    <test started-at="2025-08-26T12:10:49 IST" name="Default test" finished-at="2025-08-26T12:11:15 IST" duration-ms="26351">
      <class name="com.MakeMyTrip.TestRunner.TestRunner">
        <test-method is-config="true" signature="setUpClass(org.testng.ITestContext)[pri:0, instance:com.MakeMyTrip.TestRunner.TestRunner@456d6c1e]" started-at="2025-08-26T12:10:49 IST" name="setUpClass" finished-at="2025-08-26T12:10:51 IST" duration-ms="1762" status="PASS">
          <params>
            <param index="0">
              <value>
                <![CDATA[org.testng.TestRunner@43af351a]]>
              </value>
            </param>
          </params>
          <reporter-output>
          </reporter-output>
        </test-method> <!-- setUpClass -->
        <test-method signature="runScenario(io.cucumber.testng.PickleWrapper,io.cucumber.testng.FeatureWrapper)[pri:0, instance:com.MakeMyTrip.TestRunner.TestRunner@456d6c1e]" started-at="2025-08-26T12:10:51 IST" name="runScenario" description="Runs Cucumber Scenarios" data-provider="scenarios" finished-at="2025-08-26T12:11:15 IST" duration-ms="24322" status="FAIL">
          <params>
            <param index="0">
              <value>
                <![CDATA["Searching for Cabs for travel"]]>
              </value>
            </param>
            <param index="1">
              <value>
                <![CDATA["Searching Cabs"]]>
              </value>
            </param>
          </params>
          <exception class="java.io.FileNotFoundException">
            <message>
              <![CDATA[\src\test\resources\MakeMyTripData.xlsx (The system cannot find the path specified)]]>
            </message>
            <full-stacktrace>
              <![CDATA[java.io.FileNotFoundException: \src\test\resources\MakeMyTripData.xlsx (The system cannot find the path specified)
at java.base/java.io.FileInputStream.open0(Native Method)
at java.base/java.io.FileInputStream.open(FileInputStream.java:213)
at java.base/java.io.FileInputStream.<init>(FileInputStream.java:152)
at java.base/java.io.FileInputStream.<init>(FileInputStream.java:106)
at com.MakeMyTrip.Utilities.ExcelUtil.data(ExcelUtil.java:29)
at com.MakeMyTrip.pages.CabsPage.<init>(CabsPage.java:39)
at com.MakeMyTrip.StepDefinitions.CabSearchStepDefinition.user_is_in_the_home_page(CabSearchStepDefinition.java:27)
at ✽.User is in the home page(file:///C:/Users/2421380/OneDrive%20-%20Cognizant/Desktop/Workspace/MakeMyTrip/src/test/resources/features/CabSearch.feature:3)
]]>
            </full-stacktrace>
          </exception> <!-- java.io.FileNotFoundException -->
          <reporter-output>
          </reporter-output>
        </test-method> <!-- runScenario -->
        <test-method is-config="true" signature="tearDownClass()[pri:0, instance:com.MakeMyTrip.TestRunner.TestRunner@456d6c1e]" started-at="2025-08-26T12:11:15 IST" name="tearDownClass" finished-at="2025-08-26T12:11:15 IST" duration-ms="86" status="PASS">
          <reporter-output>
          </reporter-output>
        </test-method> <!-- tearDownClass -->
        <test-method is-config="true" signature="afterSuite()[pri:0, instance:com.MakeMyTrip.TestRunner.TestRunner@456d6c1e]" started-at="2025-08-26T12:11:16 IST" name="afterSuite" finished-at="2025-08-26T13:53:50 IST" duration-ms="6154722" status="PASS">
          <reporter-output>
          </reporter-output>
        </test-method> <!-- afterSuite -->
      </class> <!-- com.MakeMyTrip.TestRunner.TestRunner -->
    </test> <!-- Default test -->
  </suite> <!-- Default suite -->
</testng-results>
