<?xml version="1.0" encoding="UTF-8"?>
<!-- Generated by org.testng.reporters.JUnitReportReporter -->
<testsuite hostname="LTIN654258" failures="0" tests="1" name="com.MakeMyTrip.TestRunner.TestRunner" time="24.322" errors="1" timestamp="2025-08-26T13:53:51 IST" skipped="0">
  <testcase classname="com.MakeMyTrip.TestRunner.TestRunner" name="runScenario" time="24.322">
    <error message="\src\test\resources\MakeMyTripData.xlsx (The system cannot find the path specified)" type="java.io.FileNotFoundException">
      <![CDATA[java.io.FileNotFoundException: \src\test\resources\MakeMyTripData.xlsx (The system cannot find the path specified)
at java.base/java.io.FileInputStream.open0(Native Method)
at java.base/java.io.FileInputStream.open(FileInputStream.java:213)
at java.base/java.io.FileInputStream.<init>(FileInputStream.java:152)
at java.base/java.io.FileInputStream.<init>(FileInputStream.java:106)
at com.MakeMyTrip.Utilities.ExcelUtil.data(ExcelUtil.java:29)
at com.MakeMyTrip.pages.CabsPage.<init>(CabsPage.java:39)
at com.MakeMyTrip.StepDefinitions.CabSearchStepDefinition.user_is_in_the_home_page(CabSearchStepDefinition.java:27)
at ✽.User is in the home page(file:///C:/Users/2421380/OneDrive%20-%20Cognizant/Desktop/Workspace/MakeMyTrip/src/test/resources/features/CabSearch.feature:3)
]]>
    </error>
  </testcase> <!-- runScenario -->
</testsuite> <!-- com.MakeMyTrip.TestRunner.TestRunner -->
